<?xml version="1.0" encoding="UTF-8"?>
<testng-results ignored="3" total="6" passed="3" failed="0" skipped="0">
  <reporter-output>
  </reporter-output>
  <suite started-at="2022-03-06T22:16:06 IST" name="Default suite" finished-at="2022-03-06T22:17:36 IST" duration-ms="89944">
    <groups>
    </groups>
    <test started-at="2022-03-06T22:16:06 IST" name="Default test" finished-at="2022-03-06T22:17:36 IST" duration-ms="89944">
      <class name="com.crm.qa.testcases.ContactsPageTest">
        <test-method is-config="true" signature="setUp()[pri:0, instance:com.crm.qa.testcases.ContactsPageTest@59505b48]" started-at="2022-03-06T22:16:10 IST" name="setUp" finished-at="2022-03-06T22:16:31 IST" duration-ms="21641" status="PASS">
          <reporter-output>
          </reporter-output>
        </test-method> <!-- setUp -->
        <test-method signature="validateCreateNewContact(java.lang.String,java.lang.String,java.lang.String,java.lang.String)[pri:4, instance:com.crm.qa.testcases.ContactsPageTest@59505b48]" started-at="2022-03-06T22:16:31 IST" name="validateCreateNewContact" data-provider="getCRMTestData" finished-at="2022-03-06T22:16:38 IST" duration-ms="6378" status="PASS">
          <params>
            <param index="0">
              <value>
                <![CDATA[Mr.]]>
              </value>
            </param>
            <param index="1">
              <value>
                <![CDATA[Pooja]]>
              </value>
            </param>
            <param index="2">
              <value>
                <![CDATA[Singh]]>
              </value>
            </param>
            <param index="3">
              <value>
                <![CDATA[Google]]>
              </value>
            </param>
          </params>
          <reporter-output>
          </reporter-output>
        </test-method> <!-- validateCreateNewContact -->
        <test-method is-config="true" signature="tearDown()[pri:0, instance:com.crm.qa.testcases.ContactsPageTest@59505b48]" started-at="2022-03-06T22:16:38 IST" name="tearDown" finished-at="2022-03-06T22:16:39 IST" duration-ms="1190" status="PASS">
          <reporter-output>
          </reporter-output>
        </test-method> <!-- tearDown -->
        <test-method is-config="true" signature="setUp()[pri:0, instance:com.crm.qa.testcases.ContactsPageTest@59505b48]" started-at="2022-03-06T22:16:39 IST" name="setUp" finished-at="2022-03-06T22:16:55 IST" duration-ms="16207" status="PASS">
          <reporter-output>
          </reporter-output>
        </test-method> <!-- setUp -->
        <test-method signature="validateCreateNewContact(java.lang.String,java.lang.String,java.lang.String,java.lang.String)[pri:4, instance:com.crm.qa.testcases.ContactsPageTest@59505b48]" started-at="2022-03-06T22:16:55 IST" name="validateCreateNewContact" data-provider="getCRMTestData" finished-at="2022-03-06T22:17:02 IST" duration-ms="7283" status="PASS">
          <params>
            <param index="0">
              <value>
                <![CDATA[Dr.]]>
              </value>
            </param>
            <param index="1">
              <value>
                <![CDATA[Anita]]>
              </value>
            </param>
            <param index="2">
              <value>
                <![CDATA[Singh]]>
              </value>
            </param>
            <param index="3">
              <value>
                <![CDATA[Amazon]]>
              </value>
            </param>
          </params>
          <reporter-output>
          </reporter-output>
        </test-method> <!-- validateCreateNewContact -->
        <test-method is-config="true" signature="tearDown()[pri:0, instance:com.crm.qa.testcases.ContactsPageTest@59505b48]" started-at="2022-03-06T22:17:02 IST" name="tearDown" finished-at="2022-03-06T22:17:04 IST" duration-ms="1638" status="PASS">
          <reporter-output>
          </reporter-output>
        </test-method> <!-- tearDown -->
        <test-method is-config="true" signature="setUp()[pri:0, instance:com.crm.qa.testcases.ContactsPageTest@59505b48]" started-at="2022-03-06T22:17:04 IST" name="setUp" finished-at="2022-03-06T22:17:28 IST" duration-ms="23958" status="PASS">
          <reporter-output>
          </reporter-output>
        </test-method> <!-- setUp -->
        <test-method signature="validateCreateNewContact(java.lang.String,java.lang.String,java.lang.String,java.lang.String)[pri:4, instance:com.crm.qa.testcases.ContactsPageTest@59505b48]" started-at="2022-03-06T22:17:28 IST" name="validateCreateNewContact" data-provider="getCRMTestData" finished-at="2022-03-06T22:17:35 IST" duration-ms="6692" status="PASS">
          <params>
            <param index="0">
              <value>
                <![CDATA[Mrs.]]>
              </value>
            </param>
            <param index="1">
              <value>
                <![CDATA[Ranvijay]]>
              </value>
            </param>
            <param index="2">
              <value>
                <![CDATA[Singh]]>
              </value>
            </param>
            <param index="3">
              <value>
                <![CDATA[Ebay]]>
              </value>
            </param>
          </params>
          <reporter-output>
          </reporter-output>
        </test-method> <!-- validateCreateNewContact -->
        <test-method is-config="true" signature="tearDown()[pri:0, instance:com.crm.qa.testcases.ContactsPageTest@59505b48]" started-at="2022-03-06T22:17:35 IST" name="tearDown" finished-at="2022-03-06T22:17:36 IST" duration-ms="1090" status="PASS">
          <reporter-output>
          </reporter-output>
        </test-method> <!-- tearDown -->
      </class> <!-- com.crm.qa.testcases.ContactsPageTest -->
    </test> <!-- Default test -->
  </suite> <!-- Default suite -->
</testng-results>
