<?xml version="1.0" encoding="UTF-8"?>
<testng-results ignored="0" total="3" passed="3" failed="0" skipped="0">
  <reporter-output>
  </reporter-output>
  <suite started-at="2022-02-13T12:35:50 IST" name="Default suite" finished-at="2022-02-13T12:37:50 IST" duration-ms="119899">
    <groups>
    </groups>
    <test started-at="2022-02-13T12:35:50 IST" name="Default test" finished-at="2022-02-13T12:37:50 IST" duration-ms="119899">
      <class name="com.crm.qa.testcases.HomePageTest">
        <test-method is-config="true" signature="setUp()[pri:0, instance:com.crm.qa.testcases.HomePageTest@729d991e]" started-at="2022-02-13T12:35:51 IST" name="setUp" finished-at="2022-02-13T12:37:03 IST" duration-ms="72110" status="PASS">
          <reporter-output>
          </reporter-output>
        </test-method> <!-- setUp -->
        <test-method signature="verifyHomePageTitleTest()[pri:1, instance:com.crm.qa.testcases.HomePageTest@729d991e]" started-at="2022-02-13T12:37:03 IST" name="verifyHomePageTitleTest" finished-at="2022-02-13T12:37:03 IST" duration-ms="77" status="PASS">
          <reporter-output>
          </reporter-output>
        </test-method> <!-- verifyHomePageTitleTest -->
        <test-method is-config="true" signature="tearDown()[pri:0, instance:com.crm.qa.testcases.HomePageTest@729d991e]" started-at="2022-02-13T12:37:03 IST" name="tearDown" finished-at="2022-02-13T12:37:04 IST" duration-ms="1279" status="PASS">
          <reporter-output>
          </reporter-output>
        </test-method> <!-- tearDown -->
        <test-method is-config="true" signature="setUp()[pri:0, instance:com.crm.qa.testcases.HomePageTest@729d991e]" started-at="2022-02-13T12:37:04 IST" name="setUp" finished-at="2022-02-13T12:37:24 IST" duration-ms="20204" status="PASS">
          <reporter-output>
          </reporter-output>
        </test-method> <!-- setUp -->
        <test-method signature="verifyUserNameTest()[pri:2, instance:com.crm.qa.testcases.HomePageTest@729d991e]" started-at="2022-02-13T12:37:24 IST" name="verifyUserNameTest" finished-at="2022-02-13T12:37:25 IST" duration-ms="528" status="PASS">
          <reporter-output>
          </reporter-output>
        </test-method> <!-- verifyUserNameTest -->
        <test-method is-config="true" signature="tearDown()[pri:0, instance:com.crm.qa.testcases.HomePageTest@729d991e]" started-at="2022-02-13T12:37:25 IST" name="tearDown" finished-at="2022-02-13T12:37:26 IST" duration-ms="1180" status="PASS">
          <reporter-output>
          </reporter-output>
        </test-method> <!-- tearDown -->
        <test-method is-config="true" signature="setUp()[pri:0, instance:com.crm.qa.testcases.HomePageTest@729d991e]" started-at="2022-02-13T12:37:26 IST" name="setUp" finished-at="2022-02-13T12:37:47 IST" duration-ms="21022" status="PASS">
          <reporter-output>
          </reporter-output>
        </test-method> <!-- setUp -->
        <test-method signature="verifyContactsLinkTest()[pri:3, instance:com.crm.qa.testcases.HomePageTest@729d991e]" started-at="2022-02-13T12:37:47 IST" name="verifyContactsLinkTest" finished-at="2022-02-13T12:37:49 IST" duration-ms="2255" status="PASS">
          <reporter-output>
          </reporter-output>
        </test-method> <!-- verifyContactsLinkTest -->
        <test-method is-config="true" signature="tearDown()[pri:0, instance:com.crm.qa.testcases.HomePageTest@729d991e]" started-at="2022-02-13T12:37:49 IST" name="tearDown" finished-at="2022-02-13T12:37:50 IST" duration-ms="999" status="PASS">
          <reporter-output>
          </reporter-output>
        </test-method> <!-- tearDown -->
      </class> <!-- com.crm.qa.testcases.HomePageTest -->
    </test> <!-- Default test -->
  </suite> <!-- Default suite -->
</testng-results>
